# JRE version: Java(TM) SE Runtime Environment 18.9 (11.0.7+8) (build 11.0.7+8-LTS)
# Java VM: Java HotSpot(TM) 64-Bit Server VM 18.9 (11.0.7+8-LTS, mixed mode, tiered, compressed oops, g1 gc, windows-amd64)
Heap:
 garbage-first heap   total 164864K, used 34064K [0x0000000081e00000, 0x0000000100000000)
  region size 1024K, 3 young (3072K), 3 survivors (3072K)
 Metaspace       used 35192K, capacity 35529K, committed 35584K, reserved 1081344K
  class space    used 4135K, capacity 4314K, committed 4352K, reserved 1048576K
GC Heap History (9 events):
Event: 0.391 GC heap before
{Heap before GC invocations=0 (full 0):
 garbage-first heap   total 131072K, used 27648K [0x0000000081e00000, 0x0000000100000000)
  region size 1024K, 24 young (24576K), 0 survivors (0K)
 Metaspace       used 12351K, capacity 12469K, committed 12800K, reserved 1060864K
  class space    used 1159K, capacity 1174K, committed 1280K, reserved 1048576K
}
Event: 0.393 GC heap after
{Heap after GC invocations=1 (full 0):
 garbage-first heap   total 131072K, used 5775K [0x0000000081e00000, 0x0000000100000000)
  region size 1024K, 3 young (3072K), 3 survivors (3072K)
 Metaspace       used 12351K, capacity 12469K, committed 12800K, reserved 1060864K
  class space    used 1159K, capacity 1174K, committed 1280K, reserved 1048576K
}
Event: 0.849 GC heap before
{Heap before GC invocations=1 (full 0):
 garbage-first heap   total 131072K, used 40591K [0x0000000081e00000, 0x0000000100000000)
  region size 1024K, 38 young (38912K), 3 survivors (3072K)
 Metaspace       used 21006K, capacity 21156K, committed 21248K, reserved 1069056K
  class space    used 2220K, capacity 2284K, committed 2304K, reserved 1048576K
}
Event: 0.857 GC heap after
{Heap after GC invocations=2 (full 0):
 garbage-first heap   total 131072K, used 9522K [0x0000000081e00000, 0x0000000100000000)
  region size 1024K, 7 young (7168K), 7 survivors (7168K)
 Metaspace       used 21006K, capacity 21156K, committed 21248K, reserved 1069056K
  class space    used 2220K, capacity 2284K, committed 2304K, reserved 1048576K
}
Event: 1.451 GC heap before
{Heap before GC invocations=3 (full 0):
 garbage-first heap   total 131072K, used 66866K [0x0000000081e00000, 0x0000000100000000)
  region size 1024K, 55 young (56320K), 7 survivors (7168K)
 Metaspace       used 31691K, capacity 32095K, committed 32384K, reserved 1077248K
  class space    used 3760K, capacity 3918K, committed 3968K, reserved 1048576K
}
Event: 1.470 GC heap after
{Heap after GC invocations=4 (full 0):
 garbage-first heap   total 131072K, used 31639K [0x0000000081e00000, 0x0000000100000000)
  region size 1024K, 7 young (7168K), 7 survivors (7168K)
 Metaspace       used 31691K, capacity 32095K, committed 32384K, reserved 1077248K
  class space    used 3760K, capacity 3918K, committed 3968K, reserved 1048576K
}
Event: 1.548 GC heap before
{Heap before GC invocations=4 (full 0):
 garbage-first heap   total 131072K, used 37783K [0x0000000081e00000, 0x0000000100000000)
  region size 1024K, 13 young (13312K), 7 survivors (7168K)
 Metaspace       used 32815K, capacity 33162K, committed 33280K, reserved 1079296K
  class space    used 3874K, capacity 4018K, committed 4096K, reserved 1048576K
}
Event: 1.556 GC heap after
{Heap after GC invocations=5 (full 0):
 garbage-first heap   total 131072K, used 33164K [0x0000000081e00000, 0x0000000100000000)
  region size 1024K, 2 young (2048K), 2 survivors (2048K)
 Metaspace       used 32815K, capacity 33162K, committed 33280K, reserved 1079296K
  class space    used 3874K, capacity 4018K, committed 4096K, reserved 1048576K
}
Event: 1.696 GC heap before
{Heap before GC invocations=5 (full 0):
 garbage-first heap   total 131072K, used 45452K [0x0000000081e00000, 0x0000000100000000)
  region size 1024K, 15 young (15360K), 2 survivors (2048K)
 Metaspace       used 35192K, capacity 35529K, committed 35584K, reserved 1081344K
  class space    used 4135K, capacity 4314K, committed 4352K, reserved 1048576K
}

